!SESSION 2014-08-27 08:01:01.033 -----------------------------------------------
eclipse.buildId=unknown
java.version=1.7.0_60
java.vendor=Oracle Corporation
BootLoader constants: OS=linux, ARCH=x86, WS=gtk, NL=en_US
Command-line arguments:  -console -consoleLog

!ENTRY org.eclipse.osgi 4 0 2014-08-27 08:01:01.577
!MESSAGE The -clean (osgi.clean) option was not successful. Unable to clean the storage area: /home/yoshiaki/opendaylight/toolkit/main/target/main-osgipackage/opendaylight/configuration/org.eclipse.osgi

!ENTRY org.eclipse.osgi 4 0 2014-08-27 08:01:01.614
!MESSAGE Error reading configuration: /home/yoshiaki/opendaylight/toolkit/main/target/main-osgipackage/opendaylight/configuration/org.eclipse.osgi/.manager/.fileTableLock (Permission denied)
!STACK 0
java.io.FileNotFoundException: /home/yoshiaki/opendaylight/toolkit/main/target/main-osgipackage/opendaylight/configuration/org.eclipse.osgi/.manager/.fileTableLock (Permission denied)
	at java.io.RandomAccessFile.open(Native Method)
	at java.io.RandomAccessFile.<init>(RandomAccessFile.java:241)
	at org.eclipse.core.runtime.internal.adaptor.Locker_JavaNio.lock(Locker_JavaNio.java:33)
	at org.eclipse.osgi.storagemanager.StorageManager.lock(StorageManager.java:389)
	at org.eclipse.osgi.storagemanager.StorageManager.open(StorageManager.java:702)
	at org.eclipse.osgi.internal.baseadaptor.BaseStorage.initFileManager(BaseStorage.java:220)
	at org.eclipse.osgi.internal.baseadaptor.BaseStorage.initialize(BaseStorage.java:154)
	at org.eclipse.osgi.baseadaptor.BaseAdaptor.initializeStorage(BaseAdaptor.java:123)
	at org.eclipse.osgi.framework.internal.core.Framework.<init>(Framework.java:192)
	at org.eclipse.core.runtime.adaptor.EclipseStarter.startup(EclipseStarter.java:262)
	at org.eclipse.core.runtime.adaptor.EclipseStarter.run(EclipseStarter.java:176)
	at sun.reflect.NativeMethodAccessorImpl.invoke0(Native Method)
	at sun.reflect.NativeMethodAccessorImpl.invoke(NativeMethodAccessorImpl.java:57)
	at sun.reflect.DelegatingMethodAccessorImpl.invoke(DelegatingMethodAccessorImpl.java:43)
	at java.lang.reflect.Method.invoke(Method.java:606)
	at org.eclipse.equinox.launcher.Main.invokeFramework(Main.java:629)
	at org.eclipse.equinox.launcher.Main.basicRun(Main.java:584)
	at org.eclipse.equinox.launcher.Main.run(Main.java:1438)
	at org.eclipse.equinox.launcher.Main.main(Main.java:1414)

!ENTRY org.eclipse.osgi 4 0 2014-08-27 08:01:01.666
!MESSAGE Startup error
!STACK 1
java.lang.RuntimeException: /home/yoshiaki/opendaylight/toolkit/main/target/main-osgipackage/opendaylight/configuration/org.eclipse.osgi/.manager/.fileTableLock (Permission denied)
	at org.eclipse.osgi.framework.internal.core.Framework.<init>(Framework.java:194)
	at org.eclipse.core.runtime.adaptor.EclipseStarter.startup(EclipseStarter.java:262)
	at org.eclipse.core.runtime.adaptor.EclipseStarter.run(EclipseStarter.java:176)
	at sun.reflect.NativeMethodAccessorImpl.invoke0(Native Method)
	at sun.reflect.NativeMethodAccessorImpl.invoke(NativeMethodAccessorImpl.java:57)
	at sun.reflect.DelegatingMethodAccessorImpl.invoke(DelegatingMethodAccessorImpl.java:43)
	at java.lang.reflect.Method.invoke(Method.java:606)
	at org.eclipse.equinox.launcher.Main.invokeFramework(Main.java:629)
	at org.eclipse.equinox.launcher.Main.basicRun(Main.java:584)
	at org.eclipse.equinox.launcher.Main.run(Main.java:1438)
	at org.eclipse.equinox.launcher.Main.main(Main.java:1414)
Caused by: java.io.FileNotFoundException: /home/yoshiaki/opendaylight/toolkit/main/target/main-osgipackage/opendaylight/configuration/org.eclipse.osgi/.manager/.fileTableLock (Permission denied)
	at java.io.RandomAccessFile.open(Native Method)
	at java.io.RandomAccessFile.<init>(RandomAccessFile.java:241)
	at org.eclipse.core.runtime.internal.adaptor.Locker_JavaNio.lock(Locker_JavaNio.java:33)
	at org.eclipse.osgi.storagemanager.StorageManager.lock(StorageManager.java:389)
	at org.eclipse.osgi.storagemanager.StorageManager.open(StorageManager.java:702)
	at org.eclipse.osgi.internal.baseadaptor.BaseStorage.initFileManager(BaseStorage.java:220)
	at org.eclipse.osgi.internal.baseadaptor.BaseStorage.initialize(BaseStorage.java:154)
	at org.eclipse.osgi.baseadaptor.BaseAdaptor.initializeStorage(BaseAdaptor.java:123)
	at org.eclipse.osgi.framework.internal.core.Framework.<init>(Framework.java:192)
	... 10 more
